[13-Mar-2026 04:15:22 UTC] PHP Warning:  Undefined array key "host" in /workspaces/UX308a2/.wordpress/wp-includes/pluggable.php on line 1721
[13-Mar-2026 04:22:43 UTC] PHP Warning:  Undefined array key "QUERY_STRING" in /workspaces/UX308a2/.wordpress/wp-content/themes/inspiro/inc/marketing-functions.php on line 22
[13-Mar-2026 04:22:43 UTC] PHP Warning:  Cannot modify header information - headers already sent by (output started at /workspaces/UX308a2/.wordpress/wp-content/themes/inspiro/inc/marketing-functions.php:22) in /workspaces/UX308a2/.wordpress/wp-includes/functions.php on line 7182
[13-Mar-2026 04:22:43 UTC] PHP Warning:  Cannot modify header information - headers already sent by (output started at /workspaces/UX308a2/.wordpress/wp-content/themes/inspiro/inc/marketing-functions.php:22) in /workspaces/UX308a2/.wordpress/wp-admin/admin-header.php on line 14
[13-Mar-2026 04:22:48 UTC] PHP Warning:  Undefined variable $parent_theme_name in /workspaces/UX308a2/.wordpress/wp-content/mu-plugins/one-click-child-theme/templates/create_child_form.php on line 18
[13-Mar-2026 04:28:55 UTC] PHP Parse error:  Unclosed '(' on line 15 does not match '}' in /workspaces/UX308a2/.wordpress/wp-content/themes/thebobabar/functions.php on line 16
[13-Mar-2026 04:28:55 UTC] PHP Warning:  Trying to access array offset on false in /workspaces/UX308a2/.wordpress/wp-includes/class-wp-recovery-mode-email-service.php on line 367
[13-Mar-2026 04:28:55 UTC] PHP Warning:  Trying to access array offset on false in /workspaces/UX308a2/.wordpress/wp-includes/class-wp-recovery-mode-email-service.php on line 368
[13-Mar-2026 04:28:55 UTC] PHP Fatal error:  Uncaught Error: Call to undefined function ic_string_contains() in /workspaces/UX308a2/.wordpress/wp-content/plugins/ecommerce-product-catalog/includes/tracking.php:467
Stack trace:
#0 /workspaces/UX308a2/.wordpress/wp-includes/class-wp-hook.php(341): IC_EPC_Tracking->paused_plugin_report_email(Array, 'http://localhos...')
#1 /workspaces/UX308a2/.wordpress/wp-includes/plugin.php(205): WP_Hook->apply_filters(Array, Array)
#2 /workspaces/UX308a2/.wordpress/wp-includes/class-wp-recovery-mode-email-service.php(223): apply_filters('recovery_mode_e...', Array, 'http://localhos...')
#3 /workspaces/UX308a2/.wordpress/wp-includes/class-wp-recovery-mode-email-service.php(62): WP_Recovery_Mode_Email_Service->send_recovery_mode_email(86400, Array, Array)
#4 /workspaces/UX308a2/.wordpress/wp-includes/class-wp-recovery-mode.php(185): WP_Recovery_Mode_Email_Service->maybe_send_recovery_mode_email(86400, Array, Array)
#5 /workspaces/UX308a2/.wordpress/wp-includes/class-wp-fatal-error-handler.php(55): WP_Recovery_Mode->handle_error(Array)
#6 [internal function]: WP_Fatal_Error_Handler->handle()
#7 {main}
  thrown in /workspaces/UX308a2/.wordpress/wp-content/plugins/ecommerce-product-catalog/includes/tracking.php on line 467
[13-Mar-2026 04:29:19 UTC] PHP Parse error:  Unclosed '(' on line 15 does not match '}' in /workspaces/UX308a2/.wordpress/wp-content/themes/thebobabar/functions.php on line 16
[13-Mar-2026 04:29:30 UTC] PHP Parse error:  Unclosed '(' on line 15 does not match '}' in /workspaces/UX308a2/.wordpress/wp-content/themes/thebobabar/functions.php on line 16
